<?xml version="1.0" encoding="UTF-8"?>
<!-- Generated by org.testng.reporters.JUnitReportReporter -->
<testsuite hostname="CPX-NGVB7ASS3IU" failures="0" tests="4" name="org.example.TC_Class" time="19.638" errors="0" timestamp="2023-03-09T15:28:01 MEZ" skipped="0">
  <testcase classname="org.example.TC_Class" name="tc01LaunchURL" time="12.822"/>
  <system-out/>
  <testcase classname="org.example.TC_Class" name="tc04VerifyLoggedInPage" time="0.048"/>
  <system-out/>
  <testcase classname="org.example.TC_Class" name="tc02VerifyLaunchPage" time="0.139"/>
  <system-out/>
  <testcase classname="org.example.TC_Class" name="tc03EnterCredentials" time="6.629"/>
  <system-out/>
</testsuite> <!-- org.example.TC_Class -->
